# JRE version: OpenJDK Runtime Environment (17.0.7) (build 17.0.7+0-b2043.56-10550314)
# Java VM: OpenJDK 64-Bit Server VM (17.0.7+0-b2043.56-10550314, mixed mode, tiered, compressed oops, compressed class ptrs, g1 gc, windows-amd64)
GC Precious Log:
 CPUs: 16 total, 16 available
 Memory: 7501M
 Large Page Support: Disabled
 NUMA Support: Disabled
 Compressed Oops: Enabled (32-bit)
 Heap Region Size: 1M
 Heap Min Capacity: 8M
 Heap Initial Capacity: 118M
 Heap Max Capacity: 2G
 Pre-touch: Disabled
 Parallel Workers: 13
 Concurrent Workers: 3
 Concurrent Refinement Workers: 13
 Periodic GC: Disabled
Heap:
 garbage-first heap   total 254976K, used 176883K [0x0000000080000000, 0x0000000100000000)
  region size 1024K, 86 young (88064K), 11 survivors (11264K)
 Metaspace       used 94431K, committed 95104K, reserved 1179648K
  class space    used 12378K, committed 12672K, reserved 1048576K
GC Heap History (20 events):
Event: 5.993 GC heap before
{Heap before GC invocations=18 (full 0):
 garbage-first heap   total 110592K, used 90440K [0x0000000080000000, 0x0000000100000000)
  region size 1024K, 31 young (31744K), 3 survivors (3072K)
 Metaspace       used 46919K, committed 47360K, reserved 1114112K
  class space    used 6242K, committed 6464K, reserved 1048576K
}
Event: 5.995 GC heap after
{Heap after GC invocations=19 (full 0):
 garbage-first heap   total 110592K, used 57914K [0x0000000080000000, 0x0000000100000000)
  region size 1024K, 2 young (2048K), 2 survivors (2048K)
 Metaspace       used 46919K, committed 47360K, reserved 1114112K
  class space    used 6242K, committed 6464K, reserved 1048576K
}
Event: 6.669 GC heap before
{Heap before GC invocations=19 (full 0):
 garbage-first heap   total 110592K, used 70202K [0x0000000080000000, 0x0000000100000000)
  region size 1024K, 15 young (15360K), 2 survivors (2048K)
 Metaspace       used 47483K, committed 48000K, reserved 1114112K
  class space    used 6320K, committed 6528K, reserved 1048576K
}
Event: 6.673 GC heap after
{Heap after GC invocations=20 (full 0):
 garbage-first heap   total 110592K, used 59946K [0x0000000080000000, 0x0000000100000000)
  region size 1024K, 4 young (4096K), 4 survivors (4096K)
 Metaspace       used 47483K, committed 48000K, reserved 1114112K
  class space    used 6320K, committed 6528K, reserved 1048576K
}
Event: 7.237 GC heap before
{Heap before GC invocations=21 (full 0):
 garbage-first heap   total 110592K, used 90666K [0x0000000080000000, 0x0000000100000000)
  region size 1024K, 30 young (30720K), 4 survivors (4096K)
 Metaspace       used 50287K, committed 50816K, reserved 1114112K
  class space    used 6606K, committed 6848K, reserved 1048576K
}
Event: 7.240 GC heap after
{Heap after GC invocations=22 (full 0):
 garbage-first heap   total 110592K, used 65258K [0x0000000080000000, 0x0000000100000000)
  region size 1024K, 4 young (4096K), 4 survivors (4096K)
 Metaspace       used 50287K, committed 50816K, reserved 1114112K
  class space    used 6606K, committed 6848K, reserved 1048576K
}
Event: 7.242 GC heap before
{Heap before GC invocations=22 (full 0):
 garbage-first heap   total 110592K, used 66282K [0x0000000080000000, 0x0000000100000000)
  region size 1024K, 5 young (5120K), 4 survivors (4096K)
 Metaspace       used 50287K, committed 50816K, reserved 1114112K
  class space    used 6606K, committed 6848K, reserved 1048576K
}
Event: 7.244 GC heap after
{Heap after GC invocations=23 (full 0):
 garbage-first heap   total 110592K, used 65609K [0x0000000080000000, 0x0000000100000000)
  region size 1024K, 1 young (1024K), 1 survivors (1024K)
 Metaspace       used 50287K, committed 50816K, reserved 1114112K
  class space    used 6606K, committed 6848K, reserved 1048576K
}
Event: 7.633 GC heap before
{Heap before GC invocations=23 (full 0):
 garbage-first heap   total 110592K, used 89161K [0x0000000080000000, 0x0000000100000000)
  region size 1024K, 24 young (24576K), 1 survivors (1024K)
 Metaspace       used 52951K, committed 53504K, reserved 1114112K
  class space    used 7148K, committed 7360K, reserved 1048576K
}
Event: 7.636 GC heap after
{Heap after GC invocations=24 (full 0):
 garbage-first heap   total 110592K, used 66381K [0x0000000080000000, 0x0000000100000000)
  region size 1024K, 2 young (2048K), 2 survivors (2048K)
 Metaspace       used 52951K, committed 53504K, reserved 1114112K
  class space    used 7148K, committed 7360K, reserved 1048576K
}
Event: 8.003 GC heap before
{Heap before GC invocations=25 (full 0):
 garbage-first heap   total 114688K, used 89933K [0x0000000080000000, 0x0000000100000000)
  region size 1024K, 25 young (25600K), 2 survivors (2048K)
 Metaspace       used 56270K, committed 56832K, reserved 1114112K
  class space    used 7910K, committed 8128K, reserved 1048576K
}
Event: 8.006 GC heap after
{Heap after GC invocations=26 (full 0):
 garbage-first heap   total 254976K, used 66988K [0x0000000080000000, 0x0000000100000000)
  region size 1024K, 2 young (2048K), 2 survivors (2048K)
 Metaspace       used 56270K, committed 56832K, reserved 1114112K
  class space    used 7910K, committed 8128K, reserved 1048576K
}
Event: 8.145 GC heap before
{Heap before GC invocations=26 (full 0):
 garbage-first heap   total 254976K, used 76204K [0x0000000080000000, 0x0000000100000000)
  region size 1024K, 12 young (12288K), 2 survivors (2048K)
 Metaspace       used 57526K, committed 58112K, reserved 1114112K
  class space    used 8054K, committed 8320K, reserved 1048576K
}
Event: 8.148 GC heap after
{Heap after GC invocations=27 (full 0):
 garbage-first heap   total 254976K, used 67243K [0x0000000080000000, 0x0000000100000000)
  region size 1024K, 2 young (2048K), 2 survivors (2048K)
 Metaspace       used 57526K, committed 58112K, reserved 1114112K
  class space    used 8054K, committed 8320K, reserved 1048576K
}
Event: 9.966 GC heap before
{Heap before GC invocations=27 (full 0):
 garbage-first heap   total 254976K, used 198315K [0x0000000080000000, 0x0000000100000000)
  region size 1024K, 120 young (122880K), 2 survivors (2048K)
 Metaspace       used 69746K, committed 70400K, reserved 1114112K
  class space    used 9594K, committed 9920K, reserved 1048576K
}
Event: 9.975 GC heap after
{Heap after GC invocations=28 (full 0):
 garbage-first heap   total 254976K, used 83226K [0x0000000080000000, 0x0000000100000000)
  region size 1024K, 14 young (14336K), 14 survivors (14336K)
 Metaspace       used 69746K, committed 70400K, reserved 1114112K
  class space    used 9594K, committed 9920K, reserved 1048576K
}
Event: 11.908 GC heap before
{Heap before GC invocations=28 (full 0):
 garbage-first heap   total 254976K, used 209178K [0x0000000080000000, 0x0000000100000000)
  region size 1024K, 130 young (133120K), 14 survivors (14336K)
 Metaspace       used 83302K, committed 83968K, reserved 1179648K
  class space    used 11051K, committed 11328K, reserved 1048576K
}
Event: 11.916 GC heap after
{Heap after GC invocations=29 (full 0):
 garbage-first heap   total 254976K, used 97258K [0x0000000080000000, 0x0000000100000000)
  region size 1024K, 7 young (7168K), 7 survivors (7168K)
 Metaspace       used 83302K, committed 83968K, reserved 1179648K
  class space    used 11051K, committed 11328K, reserved 1048576K
}
Event: 12.644 GC heap before
{Heap before GC invocations=29 (full 0):
 garbage-first heap   total 254976K, used 166890K [0x0000000080000000, 0x0000000100000000)
  region size 1024K, 75 young (76800K), 7 survivors (7168K)
 Metaspace       used 88800K, committed 89408K, reserved 1179648K
  class space    used 11727K, committed 12032K, reserved 1048576K
}
Event: 12.649 GC heap after
{Heap after GC invocations=30 (full 0):
 garbage-first heap   total 254976K, used 101107K [0x0000000080000000, 0x0000000100000000)
  region size 1024K, 11 young (11264K), 11 survivors (11264K)
 Metaspace       used 88800K, committed 89408K, reserved 1179648K
  class space    used 11727K, committed 12032K, reserved 1048576K
}

